TN:
SF:controllers/authController.js
FN:10,(anonymous_0)
FN:32,(anonymous_1)
FN:70,(anonymous_2)
FN:128,(anonymous_3)
FN:180,(anonymous_4)
FN:218,(anonymous_5)
FNF:6
FNH:5
FNDA:2,(anonymous_0)
FNDA:4,(anonymous_1)
FNDA:2,(anonymous_2)
FNDA:3,(anonymous_3)
FNDA:3,(anonymous_4)
FNDA:0,(anonymous_5)
DA:3,3
DA:4,3
DA:5,3
DA:6,3
DA:7,3
DA:8,3
DA:10,3
DA:11,2
DA:12,2
DA:13,2
DA:20,2
DA:26,2
DA:28,0
DA:32,3
DA:33,4
DA:34,4
DA:35,4
DA:38,3
DA:39,2
DA:43,1
DA:45,1
DA:48,0
DA:55,0
DA:57,0
DA:59,0
DA:60,0
DA:61,0
DA:70,3
DA:71,2
DA:72,2
DA:74,2
DA:75,0
DA:79,2
DA:84,2
DA:86,1
DA:92,1
DA:93,1
DA:96,1
DA:105,0
DA:107,0
DA:117,1
DA:118,1
DA:119,1
DA:128,3
DA:129,3
DA:130,3
DA:132,3
DA:133,3
DA:137,0
DA:138,0
DA:142,0
DA:150,0
DA:151,0
DA:155,0
DA:158,0
DA:164,0
DA:166,0
DA:169,0
DA:170,0
DA:171,0
DA:180,3
DA:181,3
DA:182,3
DA:184,3
DA:185,0
DA:189,3
DA:196,3
DA:197,1
DA:201,2
DA:202,1
DA:205,1
DA:208,0
DA:209,0
DA:218,3
DA:219,0
DA:222,0
DA:231,0
DA:232,0
DA:233,0
DA:237,3
LF:80
LH:50
BRDA:35,0,0,1
BRDA:35,0,1,3
BRDA:38,1,0,2
BRDA:38,1,1,1
BRDA:45,2,0,1
BRDA:45,2,1,0
BRDA:74,3,0,0
BRDA:74,3,1,2
BRDA:84,4,0,1
BRDA:84,4,1,1
BRDA:110,5,0,0
BRDA:110,5,1,0
BRDA:111,6,0,0
BRDA:111,6,1,0
BRDA:132,7,0,3
BRDA:132,7,1,0
BRDA:132,8,0,3
BRDA:132,8,1,3
BRDA:132,8,2,3
BRDA:137,9,0,0
BRDA:137,9,1,0
BRDA:150,10,0,0
BRDA:150,10,1,0
BRDA:184,11,0,0
BRDA:184,11,1,3
BRDA:184,12,0,3
BRDA:184,12,1,3
BRDA:196,13,0,1
BRDA:196,13,1,2
BRDA:201,14,0,1
BRDA:201,14,1,1
BRF:31
BRH:19
end_of_record
TN:
SF:controllers/bookingController.js
FN:3,(anonymous_0)
FN:63,(anonymous_1)
FN:106,(anonymous_2)
FN:113,(anonymous_3)
FN:177,(anonymous_4)
FN:194,(anonymous_5)
FN:215,(anonymous_6)
FN:262,(anonymous_7)
FN:293,(anonymous_8)
FN:324,(anonymous_9)
FNF:10
FNH:0
FNDA:0,(anonymous_0)
FNDA:0,(anonymous_1)
FNDA:0,(anonymous_2)
FNDA:0,(anonymous_3)
FNDA:0,(anonymous_4)
FNDA:0,(anonymous_5)
FNDA:0,(anonymous_6)
FNDA:0,(anonymous_7)
FNDA:0,(anonymous_8)
FNDA:0,(anonymous_9)
DA:1,2
DA:3,2
DA:4,0
DA:6,0
DA:7,0
DA:10,0
DA:20,0
DA:21,0
DA:22,0
DA:25,0
DA:33,0
DA:34,0
DA:35,0
DA:39,0
DA:49,0
DA:54,0
DA:55,0
DA:58,0
DA:59,0
DA:63,2
DA:64,0
DA:65,0
DA:67,0
DA:68,0
DA:75,0
DA:76,0
DA:79,0
DA:80,0
DA:84,0
DA:95,0
DA:105,0
DA:106,0
DA:107,0
DA:108,0
DA:112,0
DA:113,0
DA:114,0
DA:115,0
DA:116,0
DA:118,0
DA:122,0
DA:123,0
DA:125,0
DA:126,0
DA:127,0
DA:130,0
DA:131,0
DA:134,0
DA:135,0
DA:136,0
DA:139,0
DA:141,0
DA:147,0
DA:155,0
DA:158,0
DA:169,0
DA:170,0
DA:177,2
DA:178,0
DA:179,0
DA:182,0
DA:187,0
DA:189,0
DA:190,0
DA:194,2
DA:195,0
DA:196,0
DA:199,0
DA:200,0
DA:201,0
DA:205,0
DA:206,0
DA:208,0
DA:210,0
DA:211,0
DA:215,2
DA:216,0
DA:218,0
DA:219,0
DA:220,0
DA:222,0
DA:223,0
DA:224,0
DA:231,0
DA:232,0
DA:236,0
DA:237,0
DA:238,0
DA:241,0
DA:248,0
DA:249,0
DA:250,0
DA:257,0
DA:262,0
DA:273,0
DA:275,0
DA:277,0
DA:283,0
DA:284,0
DA:285,0
DA:293,2
DA:294,0
DA:295,0
DA:297,0
DA:319,0
DA:320,0
DA:321,0
DA:324,0
DA:325,0
DA:335,0
DA:337,0
DA:338,0
DA:343,2
LF:113
LH:8
BRDA:13,0,0,0
BRDA:13,0,1,0
BRDA:20,1,0,0
BRDA:20,1,1,0
BRDA:33,2,0,0
BRDA:33,2,1,0
BRDA:67,3,0,0
BRDA:67,3,1,0
BRDA:75,4,0,0
BRDA:75,4,1,0
BRDA:76,5,0,0
BRDA:76,5,1,0
BRDA:79,6,0,0
BRDA:79,6,1,0
BRDA:115,7,0,0
BRDA:115,7,1,0
BRDA:127,8,0,0
BRDA:127,8,1,0
BRDA:130,9,0,0
BRDA:130,9,1,0
BRDA:130,10,0,0
BRDA:130,10,1,0
BRDA:136,11,0,0
BRDA:136,11,1,0
BRDA:143,12,0,0
BRDA:143,12,1,0
BRDA:200,13,0,0
BRDA:200,13,1,0
BRDA:222,14,0,0
BRDA:222,14,1,0
BRDA:222,15,0,0
BRDA:222,15,1,0
BRDA:222,15,2,0
BRDA:236,16,0,0
BRDA:236,16,1,0
BRDA:248,17,0,0
BRDA:248,17,1,0
BRDA:266,18,0,0
BRDA:266,18,1,0
BRDA:267,19,0,0
BRDA:267,19,1,0
BRDA:268,20,0,0
BRDA:268,20,1,0
BRDA:270,21,0,0
BRDA:270,21,1,0
BRF:45
BRH:0
end_of_record
TN:
SF:controllers/geoController.js
FN:5,(anonymous_0)
FN:10,(anonymous_1)
FNF:2
FNH:0
FNDA:0,(anonymous_0)
FNDA:0,(anonymous_1)
DA:2,0
DA:3,0
DA:5,0
DA:6,0
DA:7,0
DA:8,0
DA:10,0
DA:11,0
DA:17,0
DA:20,0
DA:22,0
LF:11
LH:0
BRF:0
BRH:0
end_of_record
TN:
SF:controllers/offerController.js
FN:10,(anonymous_0)
FN:78,(anonymous_1)
FN:90,(anonymous_2)
FN:127,(anonymous_3)
FN:153,(anonymous_4)
FN:221,(anonymous_5)
FN:259,(anonymous_6)
FN:313,(anonymous_7)
FN:348,(anonymous_8)
FN:376,(anonymous_9)
FNF:10
FNH:0
FNDA:0,(anonymous_0)
FNDA:0,(anonymous_1)
FNDA:0,(anonymous_2)
FNDA:0,(anonymous_3)
FNDA:0,(anonymous_4)
FNDA:0,(anonymous_5)
FNDA:0,(anonymous_6)
FNDA:0,(anonymous_7)
FNDA:0,(anonymous_8)
FNDA:0,(anonymous_9)
DA:2,2
DA:3,2
DA:4,2
DA:5,2
DA:10,2
DA:11,0
DA:12,0
DA:13,0
DA:16,0
DA:18,0
DA:21,0
DA:22,0
DA:26,0
DA:27,0
DA:28,0
DA:32,0
DA:34,0
DA:35,0
DA:36,0
DA:40,0
DA:41,0
DA:44,0
DA:48,0
DA:51,0
DA:52,0
DA:55,0
DA:65,0
DA:68,0
DA:70,0
DA:71,0
DA:78,2
DA:79,0
DA:80,0
DA:81,0
DA:83,0
DA:90,2
DA:91,0
DA:92,0
DA:94,0
DA:113,0
DA:114,0
DA:117,0
DA:119,0
DA:120,0
DA:127,2
DA:128,0
DA:129,0
DA:131,0
DA:132,0
DA:135,0
DA:137,0
DA:138,0
DA:139,0
DA:142,0
DA:143,0
DA:145,0
DA:146,0
DA:153,2
DA:154,0
DA:155,0
DA:156,0
DA:159,0
DA:160,0
DA:162,0
DA:163,0
DA:166,0
DA:168,0
DA:169,0
DA:170,0
DA:174,0
DA:177,0
DA:178,0
DA:179,0
DA:180,0
DA:185,0
DA:188,0
DA:190,0
DA:193,0
DA:194,0
DA:198,0
DA:208,0
DA:211,0
DA:213,0
DA:214,0
DA:221,2
DA:222,0
DA:224,0
DA:227,0
DA:228,0
DA:229,0
DA:234,0
DA:249,0
DA:251,0
DA:252,0
DA:259,2
DA:260,0
DA:261,0
DA:262,0
DA:264,0
DA:265,0
DA:266,0
DA:269,0
DA:270,0
DA:300,0
DA:301,0
DA:303,0
DA:304,0
DA:305,0
DA:306,0
DA:313,2
DA:314,0
DA:315,0
DA:338,0
DA:340,0
DA:341,0
DA:348,2
DA:349,0
DA:350,0
DA:352,0
DA:353,0
DA:356,0
DA:358,0
DA:366,0
DA:368,0
DA:369,0
DA:376,2
DA:377,0
DA:379,0
DA:380,0
DA:384,0
DA:385,0
DA:388,0
DA:392,0
DA:393,0
DA:396,0
DA:399,0
DA:414,0
DA:416,0
DA:417,0
DA:421,2
LF:140
LH:15
BRDA:12,0,0,0
BRDA:12,0,1,0
BRDA:21,1,0,0
BRDA:21,1,1,0
BRDA:27,2,0,0
BRDA:27,2,1,0
BRDA:27,3,0,0
BRDA:27,3,1,0
BRDA:32,4,0,0
BRDA:32,4,1,0
BRDA:40,5,0,0
BRDA:40,5,1,0
BRDA:51,6,0,0
BRDA:51,6,1,0
BRDA:51,7,0,0
BRDA:51,7,1,0
BRDA:113,8,0,0
BRDA:113,8,1,0
BRDA:131,9,0,0
BRDA:131,9,1,0
BRDA:131,10,0,0
BRDA:131,10,1,0
BRDA:131,10,2,0
BRDA:138,11,0,0
BRDA:138,11,1,0
BRDA:155,12,0,0
BRDA:155,12,1,0
BRDA:162,13,0,0
BRDA:162,13,1,0
BRDA:162,14,0,0
BRDA:162,14,1,0
BRDA:162,14,2,0
BRDA:169,15,0,0
BRDA:169,15,1,0
BRDA:177,16,0,0
BRDA:177,16,1,0
BRDA:179,17,0,0
BRDA:179,17,1,0
BRDA:179,18,0,0
BRDA:179,18,1,0
BRDA:188,19,0,0
BRDA:188,19,1,0
BRDA:193,20,0,0
BRDA:193,20,1,0
BRDA:227,21,0,0
BRDA:227,21,1,0
BRDA:228,22,0,0
BRDA:228,22,1,0
BRDA:229,23,0,0
BRDA:229,23,1,0
BRDA:264,24,0,0
BRDA:264,24,1,0
BRDA:264,25,0,0
BRDA:264,25,1,0
BRDA:264,25,2,0
BRDA:352,26,0,0
BRDA:352,26,1,0
BRDA:352,27,0,0
BRDA:352,27,1,0
BRDA:352,27,2,0
BRDA:379,28,0,0
BRDA:379,28,1,0
BRDA:379,29,0,0
BRDA:379,29,1,0
BRDA:392,30,0,0
BRDA:392,30,1,0
BRF:66
BRH:0
end_of_record
TN:
SF:controllers/profileController.js
FN:4,(anonymous_0)
FN:24,(anonymous_1)
FN:79,(anonymous_2)
FNF:3
FNH:0
FNDA:0,(anonymous_0)
FNDA:0,(anonymous_1)
FNDA:0,(anonymous_2)
DA:2,2
DA:4,2
DA:5,0
DA:6,0
DA:9,0
DA:13,0
DA:14,0
DA:17,0
DA:19,0
DA:20,0
DA:24,2
DA:25,0
DA:26,0
DA:29,0
DA:33,0
DA:34,0
DA:51,0
DA:54,0
DA:72,0
DA:74,0
DA:75,0
DA:79,2
DA:80,0
DA:81,0
DA:84,0
DA:88,0
DA:89,0
DA:93,0
DA:95,0
DA:97,0
DA:98,0
LF:31
LH:4
BRDA:13,0,0,0
BRDA:13,0,1,0
BRDA:33,1,0,0
BRDA:33,1,1,0
BRDA:88,2,0,0
BRDA:88,2,1,0
BRF:6
BRH:0
end_of_record
TN:
SF:controllers/roleController.js
FN:10,(anonymous_0)
FN:13,(anonymous_1)
FN:30,(anonymous_2)
FN:35,(anonymous_3)
FN:60,(anonymous_4)
FN:63,(anonymous_5)
FN:151,(anonymous_6)
FN:156,(anonymous_7)
FN:177,(anonymous_8)
FN:182,(anonymous_9)
FN:206,(anonymous_10)
FNF:11
FNH:9
FNDA:1,(anonymous_0)
FNDA:4,(anonymous_1)
FNDA:1,(anonymous_2)
FNDA:1,(anonymous_3)
FNDA:1,(anonymous_4)
FNDA:32,(anonymous_5)
FNDA:1,(anonymous_6)
FNDA:1,(anonymous_7)
FNDA:0,(anonymous_8)
FNDA:0,(anonymous_9)
FNDA:1,(anonymous_10)
DA:2,3
DA:3,3
DA:10,3
DA:11,1
DA:13,4
DA:18,1
DA:20,0
DA:21,0
DA:30,3
DA:31,1
DA:32,1
DA:35,1
DA:37,1
DA:38,0
DA:42,1
DA:44,1
DA:50,0
DA:51,0
DA:60,3
DA:61,1
DA:63,1
DA:66,32
DA:67,32
DA:69,32
DA:71,3
DA:72,3
DA:74,3
DA:75,3
DA:77,4
DA:78,4
DA:80,6
DA:81,6
DA:83,7
DA:84,7
DA:86,7
DA:87,7
DA:89,2
DA:90,2
DA:92,0
DA:96,32
DA:97,32
DA:99,1
DA:100,1
DA:102,10
DA:103,10
DA:105,10
DA:106,10
DA:108,4
DA:109,4
DA:111,5
DA:112,5
DA:114,2
DA:119,32
DA:120,19
DA:122,10
DA:123,10
DA:125,9
DA:126,9
DA:128,0
DA:132,32
DA:139,1
DA:141,0
DA:142,0
DA:151,3
DA:152,1
DA:153,1
DA:156,1
DA:158,1
DA:159,0
DA:163,1
DA:165,1
DA:167,0
DA:168,0
DA:177,3
DA:178,0
DA:179,0
DA:182,0
DA:184,0
DA:185,0
DA:189,0
DA:194,0
DA:196,0
DA:197,0
DA:206,3
DA:207,1
DA:209,1
DA:210,1
DA:212,1
DA:213,1
DA:217,0
DA:218,0
DA:219,0
DA:223,0
DA:224,0
DA:227,0
DA:230,0
DA:233,0
DA:239,0
DA:240,0
DA:242,0
DA:243,0
DA:244,0
LF:102
LH:68
BRDA:37,0,0,0
BRDA:37,0,1,1
BRDA:69,1,0,3
BRDA:69,1,1,3
BRDA:69,1,2,4
BRDA:69,1,3,6
BRDA:69,1,4,7
BRDA:69,1,5,7
BRDA:69,1,6,2
BRDA:69,1,7,0
BRDA:96,2,0,32
BRDA:96,2,1,0
BRDA:97,3,0,1
BRDA:97,3,1,10
BRDA:97,3,2,10
BRDA:97,3,3,4
BRDA:97,3,4,5
BRDA:97,3,5,2
BRDA:119,4,0,19
BRDA:119,4,1,13
BRDA:120,5,0,10
BRDA:120,5,1,9
BRDA:120,5,2,0
BRDA:158,6,0,0
BRDA:158,6,1,1
BRDA:184,7,0,0
BRDA:184,7,1,0
BRDA:210,8,0,0
BRDA:212,9,0,1
BRDA:212,9,1,0
BRDA:218,10,0,0
BRDA:218,10,1,0
BRF:32
BRH:21
end_of_record
TN:
SF:controllers/serviceController.js
FN:30,(anonymous_0)
FN:61,(anonymous_1)
FN:90,(anonymous_2)
FN:112,(anonymous_3)
FN:144,(anonymous_4)
FNF:5
FNH:0
FNDA:0,(anonymous_0)
FNDA:0,(anonymous_1)
FNDA:0,(anonymous_2)
FNDA:0,(anonymous_3)
FNDA:0,(anonymous_4)
DA:2,2
DA:3,2
DA:4,2
DA:6,2
DA:30,2
DA:31,0
DA:33,0
DA:34,0
DA:36,0
DA:37,0
DA:41,0
DA:42,0
DA:43,0
DA:47,0
DA:54,0
DA:56,0
DA:57,0
DA:61,2
DA:62,0
DA:64,0
DA:65,0
DA:67,0
DA:68,0
DA:69,0
DA:72,0
DA:73,0
DA:76,0
DA:77,0
DA:78,0
DA:79,0
DA:82,0
DA:86,0
DA:87,0
DA:89,0
DA:90,0
DA:91,0
DA:92,0
DA:93,0
DA:94,0
DA:95,0
DA:97,0
DA:99,0
DA:100,0
DA:104,0
DA:105,0
DA:106,0
DA:107,0
DA:108,0
DA:112,2
DA:113,0
DA:115,0
DA:116,0
DA:118,0
DA:119,0
DA:122,0
DA:123,0
DA:125,0
DA:126,0
DA:130,0
DA:137,0
DA:139,0
DA:140,0
DA:144,2
DA:145,0
DA:147,0
DA:148,0
DA:150,0
DA:151,0
DA:154,0
DA:155,0
DA:157,0
DA:158,0
DA:162,0
DA:164,0
DA:166,0
DA:167,0
LF:76
LH:8
BRDA:36,0,0,0
BRDA:36,0,1,0
BRDA:42,1,0,0
BRDA:42,1,1,0
BRDA:67,2,0,0
BRDA:67,2,1,0
BRDA:89,3,0,0
BRDA:89,3,1,0
BRDA:118,4,0,0
BRDA:118,4,1,0
BRDA:125,5,0,0
BRDA:125,5,1,0
BRDA:131,6,0,0
BRDA:131,6,1,0
BRDA:132,7,0,0
BRDA:132,7,1,0
BRDA:133,8,0,0
BRDA:133,8,1,0
BRDA:134,9,0,0
BRDA:134,9,1,0
BRDA:150,10,0,0
BRDA:150,10,1,0
BRDA:157,11,0,0
BRDA:157,11,1,0
BRF:24
BRH:0
end_of_record
TN:
SF:controllers/userController.js
FN:6,(anonymous_0)
FN:27,(anonymous_1)
FN:54,(anonymous_2)
FN:85,(anonymous_3)
FNF:4
FNH:0
FNDA:0,(anonymous_0)
FNDA:0,(anonymous_1)
FNDA:0,(anonymous_2)
FNDA:0,(anonymous_3)
DA:2,2
DA:6,2
DA:7,0
DA:8,0
DA:19,0
DA:21,0
DA:22,0
DA:27,2
DA:28,0
DA:29,0
DA:31,0
DA:42,0
DA:43,0
DA:46,0
DA:48,0
DA:49,0
DA:54,2
DA:55,0
DA:56,0
DA:57,0
DA:60,0
DA:61,0
DA:64,0
DA:66,0
DA:67,0
DA:71,0
DA:73,0
DA:79,0
DA:80,0
DA:85,2
DA:86,0
DA:87,0
DA:88,0
DA:91,0
DA:92,0
DA:95,0
DA:97,0
DA:98,0
DA:102,0
DA:104,0
DA:110,0
DA:111,0
LF:42
LH:5
BRDA:42,0,0,0
BRDA:42,0,1,0
BRDA:60,1,0,0
BRDA:60,1,1,0
BRDA:60,2,0,0
BRDA:60,2,1,0
BRDA:66,3,0,0
BRDA:66,3,1,0
BRDA:91,4,0,0
BRDA:91,4,1,0
BRDA:91,5,0,0
BRDA:91,5,1,0
BRDA:97,6,0,0
BRDA:97,6,1,0
BRF:14
BRH:0
end_of_record
TN:
SF:middlewares/auth.js
FN:5,(anonymous_0)
FNF:1
FNH:0
FNDA:0,(anonymous_0)
DA:2,2
DA:5,2
DA:6,0
DA:8,0
DA:9,0
DA:10,0
DA:14,0
DA:17,0
DA:18,0
DA:19,0
DA:22,0
DA:23,0
DA:24,0
DA:25,0
DA:26,0
DA:27,0
DA:29,0
DA:33,2
LF:18
LH:3
BRDA:9,0,0,0
BRDA:9,0,1,0
BRDA:9,1,0,0
BRDA:9,1,1,0
BRDA:17,2,0,0
BRDA:17,2,1,0
BRDA:24,3,0,0
BRDA:24,3,1,0
BRDA:26,4,0,0
BRDA:26,4,1,0
BRDA:29,5,0,0
BRDA:29,5,1,0
BRF:12
BRH:0
end_of_record
TN:
SF:middlewares/roleCheck.js
FN:10,(anonymous_0)
FN:11,(anonymous_1)
FN:23,(anonymous_2)
FN:41,(anonymous_3)
FN:42,(anonymous_4)
FN:43,(anonymous_5)
FN:50,(anonymous_6)
FN:51,(anonymous_7)
FN:72,(anonymous_8)
FNF:9
FNH:3
FNDA:20,(anonymous_0)
FNDA:0,(anonymous_1)
FNDA:0,(anonymous_2)
FNDA:0,(anonymous_3)
FNDA:0,(anonymous_4)
FNDA:0,(anonymous_5)
FNDA:4,(anonymous_6)
FNDA:2,(anonymous_7)
FNDA:0,(anonymous_8)
DA:2,3
DA:3,3
DA:10,3
DA:11,20
DA:13,0
DA:14,0
DA:18,0
DA:23,0
DA:24,0
DA:27,0
DA:29,0
DA:30,0
DA:33,0
DA:38,3
DA:41,3
DA:42,3
DA:43,3
DA:50,3
DA:51,4
DA:53,2
DA:54,0
DA:58,2
DA:59,1
DA:60,1
DA:63,1
DA:72,3
DA:74,3
LF:27
LH:17
BRDA:10,0,0,0
BRDA:13,1,0,0
BRDA:13,1,1,0
BRDA:18,2,0,0
BRDA:18,2,1,0
BRDA:27,3,0,0
BRDA:27,3,1,0
BRDA:53,4,0,0
BRDA:53,4,1,2
BRDA:58,5,0,1
BRDA:58,5,1,1
BRF:11
BRH:3
end_of_record
TN:
SF:middlewares/validation.js
FN:22,(anonymous_0)
FNF:1
FNH:0
FNDA:0,(anonymous_0)
DA:1,2
DA:3,2
DA:14,2
DA:23,0
DA:24,0
DA:25,0
DA:27,0
DA:39,2
LF:8
LH:4
BRDA:24,0,0,0
BRDA:24,0,1,0
BRDA:24,1,0,0
BRDA:24,1,1,0
BRF:4
BRH:0
end_of_record
TN:
SF:utils/geoUtils.js
FN:2,(anonymous_0)
FNF:1
FNH:0
FNDA:0,(anonymous_0)
DA:2,0
DA:3,0
DA:4,0
DA:5,0
DA:7,0
DA:10,0
LF:6
LH:0
BRF:0
BRH:0
end_of_record
TN:
SF:utils/logger.js
FN:11,(anonymous_0)
FNF:1
FNH:1
FNDA:1,(anonymous_0)
DA:2,2
DA:3,2
DA:5,2
DA:11,2
DA:12,1
DA:13,1
DA:19,0
DA:21,1
DA:22,1
LF:9
LH:8
BRF:0
BRH:0
end_of_record
TN:
SF:utils/roles.js
FN:122,(anonymous_0)
FN:135,(anonymous_1)
FN:145,(anonymous_2)
FN:155,(anonymous_3)
FN:157,(anonymous_4)
FN:158,(anonymous_5)
FNF:6
FNH:2
FNDA:4,(anonymous_0)
FNDA:2,(anonymous_1)
FNDA:0,(anonymous_2)
FNDA:0,(anonymous_3)
FNDA:0,(anonymous_4)
FNDA:0,(anonymous_5)
DA:6,5
DA:16,5
DA:67,5
DA:122,5
DA:124,4
DA:127,4
DA:135,5
DA:136,2
DA:145,5
DA:146,0
DA:147,0
DA:155,5
DA:156,0
DA:157,0
DA:158,0
DA:161,5
LF:16
LH:11
BRDA:124,0,0,0
BRDA:124,0,1,4
BRDA:136,1,0,2
BRDA:136,1,1,0
BRDA:146,2,0,0
BRDA:146,2,1,0
BRDA:146,3,0,0
BRDA:146,3,1,0
BRF:8
BRH:2
end_of_record
